<?xml version="1.0" encoding="UTF-8"?>
<!-- Generated by org.testng.reporters.JUnitXMLReporter -->
<testsuite ignored="0" hostname="Admin-PC" failures="0" tests="12" name="Test" time="700.679" errors="0" timestamp="2022-08-02T02:00:13 IST">
  <testcase classname="com.acti_time.script.BaseTest" name="@BeforeClass preCondition" time="101.649">
    <failure type="org.openqa.selenium.SessionNotCreatedException" message="Could not start a new session. Response code 500. Message: unknown error: DevToolsActivePort file doesn&amp;apos;t exist
Build info: version: &amp;apos;4.1.2&amp;apos;, revision: &amp;apos;9a5a329c5a&amp;apos;
System info: host: &amp;apos;ADMIN-PC&amp;apos;, ip: &amp;apos;192.168.43.244&amp;apos;, os.name: &amp;apos;Windows 7&amp;apos;, os.arch: &amp;apos;amd64&amp;apos;, os.version: &amp;apos;6.1&amp;apos;, java.version: &amp;apos;17.0.2&amp;apos;
Driver info: org.openqa.selenium.chrome.ChromeDriver
Command: [null, newSession {capabilities=[Capabilities {browserName: chrome, goog:chromeOptions: {args: [], extensions: []}}], desiredCapabilities=Capabilities {browserName: chrome, goog:chromeOptions: {args: [], extensions: []}}}]">
      <![CDATA[org.openqa.selenium.SessionNotCreatedException: Could not start a new session. Response code 500. Message: unknown error: DevToolsActivePort file doesn't exist
Build info: version: '4.1.2', revision: '9a5a329c5a'
System info: host: 'ADMIN-PC', ip: '192.168.43.244', os.name: 'Windows 7', os.arch: 'amd64', os.version: '6.1', java.version: '17.0.2'
Driver info: org.openqa.selenium.chrome.ChromeDriver
Command: [null, newSession {capabilities=[Capabilities {browserName: chrome, goog:chromeOptions: {args: [], extensions: []}}], desiredCapabilities=Capabilities {browserName: chrome, goog:chromeOptions: {args: [], extensions: []}}}]
at org.openqa.selenium.remote.ProtocolHandshake.createSession(ProtocolHandshake.java:126)
at org.openqa.selenium.remote.ProtocolHandshake.createSession(ProtocolHandshake.java:84)
at org.openqa.selenium.remote.ProtocolHandshake.createSession(ProtocolHandshake.java:62)
at org.openqa.selenium.remote.HttpCommandExecutor.execute(HttpCommandExecutor.java:156)
at org.openqa.selenium.remote.service.DriverCommandExecutor.invokeExecute(DriverCommandExecutor.java:167)
at org.openqa.selenium.remote.service.DriverCommandExecutor.execute(DriverCommandExecutor.java:142)
at org.openqa.selenium.remote.RemoteWebDriver.execute(RemoteWebDriver.java:558)
at org.openqa.selenium.remote.RemoteWebDriver.startSession(RemoteWebDriver.java:245)
at org.openqa.selenium.remote.RemoteWebDriver.<init>(RemoteWebDriver.java:161)
at org.openqa.selenium.chromium.ChromiumDriver.<init>(ChromiumDriver.java:108)
at org.openqa.selenium.chrome.ChromeDriver.<init>(ChromeDriver.java:106)
at org.openqa.selenium.chrome.ChromeDriver.<init>(ChromeDriver.java:93)
at org.openqa.selenium.chrome.ChromeDriver.<init>(ChromeDriver.java:48)
at com.acti_time.script.BaseTest.preCondition(BaseTest.java:21)
at java.base/java.util.ArrayList.forEach(ArrayList.java:1511)
... Removed 25 stack frames]]>
    </failure>
  </testcase> <!-- @BeforeClass preCondition -->
  <testcase classname="com.acti_time.script.BaseTest" name="@AfterClass postCondition" time="-1.659385214442E9">
    <skipped/>
  </testcase> <!-- @AfterClass postCondition -->
  <testcase classname="com.acti_time.script.VerifyVersion" name="verifyVersion" time="0.0">
    <skipped/>
  </testcase> <!-- verifyVersion -->
  <testcase classname="com.acti_time.script.VerifyHomePage" name="verifyHomePage" time="34.614"/>
  <testcase classname="com.acti_time.script.VerifyValidLoginPage" name="verifyValidLoginPage" time="0.807"/>
  <testcase classname="com.acti_time.script.VerifyReports" name="verifyReports" time="36.672"/>
  <testcase classname="com.acti_time.script.VerifyVersionE" name="verifyVersionE" time="15.226"/>
  <testcase classname="com.acti_time.script.VerifyCheckBox" name="verifyCheckBox" time="0.527"/>
  <testcase classname="com.acti_time.script.VerifyLoginPageTitle" name="verifyLoginPagaTitle" time="0.023"/>
  <testcase classname="com.acti_time.script.VerifyTasks" name="verifyTasks" time="30.631"/>
  <testcase classname="com.acti_time.script.VerifyInvalidLoginPage" name="verifyInvalidLoginPage" time="3.761"/>
  <testcase classname="com.acti_time.script.VerifyInvalidLoginPageE" name="verifyInvalidLoginPageE" time="37.823"/>
  <testcase classname="com.acti_time.script.VerifyValidLoginPageE" name="verifyValidLoginPageE" time="8.179"/>
  <testcase classname="com.acti_time.script.VerifyHomePageTitle" name="verifyHomePageTitle" time="9.923"/>
</testsuite> <!-- Test -->
