<?xml version="1.0" encoding="UTF-8"?>
<!-- Generated by org.testng.reporters.JUnitXMLReporter -->
<testsuite ignored="0" hostname="DESKTOP-B3ICOIK" failures="0" tests="12" name="Test" time="161.506" errors="0" timestamp="2023-06-26T17:50:21 IST">
  <testcase classname="com.acti_time.script.VerifyVersion" name="verifyVersion" time="0.355"/>
  <testcase classname="com.acti_time.script.VerifyHomePage" name="verifyHomePage" time="6.248"/>
  <testcase classname="com.acti_time.script.VerifyValidLoginPage" name="verifyValidLoginPage" time="0.786"/>
  <testcase classname="com.acti_time.script.VerifyReports" name="verifyReports" time="17.159"/>
  <testcase classname="com.acti_time.script.VerifyVersionE" name="verifyVersionE" time="2.857"/>
  <testcase classname="com.acti_time.script.VerifyCheckBox" name="verifyCheckBox" time="0.508"/>
  <testcase classname="com.acti_time.script.VerifyLoginPageTitle" name="verifyLoginPagaTitle" time="0.047"/>
  <testcase classname="com.acti_time.script.VerifyTasks" name="verifyTasks" time="13.131"/>
  <testcase classname="com.acti_time.script.VerifyInvalidLoginPage" name="verifyInvalidLoginPage" time="3.833"/>
  <testcase classname="com.acti_time.script.VerifyInvalidLoginPageE" name="verifyInvalidLoginPageE" time="40.032"/>
  <testcase classname="com.acti_time.script.VerifyValidLoginPageE" name="verifyValidLoginPageE" time="7.696"/>
  <testcase classname="com.acti_time.script.VerifyHomePageTitle" name="verifyHomePageTitle" time="4.1"/>
</testsuite> <!-- Test -->
